<?xml version="1.0" encoding="UTF-8"?>
<!-- Generated by org.testng.reporters.JUnitReportReporter -->
<testsuite hostname="DESKTOP-I3PHJQE" name="com.disney.studios.service.DogDAOTest" tests="1" failures="0" timestamp="10 Mar 2019 01:55:54 GMT" time="0.235" errors="0">
  <testcase name="testVoteException" time="0.235" classname="com.disney.studios.service.DogDAOTest"/>
</testsuite> <!-- com.disney.studios.service.DogDAOTest -->
