<?xml version="1.0" encoding="UTF-8"?>
<!-- Generated by org.testng.reporters.JUnitReportReporter -->
<testsuite hostname="DESKTOP-I3PHJQE" name="com.disney.studios.service.DogPicServiceTest" tests="2" failures="0" timestamp="10 Mar 2019 01:55:54 GMT" time="0.014" errors="0">
  <testcase name="testGetSpecificBreedEmpty" time="0.010" classname="com.disney.studios.service.DogPicServiceTest"/>
  <testcase name="testGetAll" time="0.004" classname="com.disney.studios.service.DogPicServiceTest"/>
</testsuite> <!-- com.disney.studios.service.DogPicServiceTest -->
